<?xml version="1.0" encoding="UTF-8"?>
<!-- Generated by org.testng.reporters.JUnitXMLReporter -->
<testsuite hostname="MeitalDaniel-PC" ignored="0" name="Login Test" tests="5" failures="0" timestamp="2020-06-12T11:49:29 IDT" time="44.675" errors="0">
  <testcase name="T01_invalidLoginAttempts" time="0.316" classname="TestCases.Login_Test"/>
  <testcase name="T01_invalidLoginAttempts" time="0.288" classname="TestCases.Login_Test"/>
  <testcase name="T01_invalidLoginAttempts" time="0.315" classname="TestCases.Login_Test"/>
  <testcase name="T01_invalidLoginAttempts" time="0.251" classname="TestCases.Login_Test"/>
  <testcase name="T01_invalidLoginAttempts" time="0.386" classname="TestCases.Login_Test"/>
</testsuite> <!-- Login Test -->
