<?xml version="1.0" encoding="UTF-8"?>
<testsuite xmlns:xsi="http://www.w3.org/2001/XMLSchema-instance" xsi:noNamespaceSchemaLocation="https://maven.apache.org/surefire/maven-surefire-plugin/xsd/surefire-test-report-3.0.xsd" version="3.0" name="TestSuite" time="81.129" tests="22" errors="0" skipped="0" failures="4">
  <properties>
[...]
</properties>
  <testcase name="T01_invalidLoginAttempts" classname="TestCases.Login_Test" time="2.293"/>
  <testcase name="T01_invalidLoginAttempts" classname="TestCases.Login_Test" time="2.269"/>
  <testcase name="T01_invalidLoginAttempts" classname="TestCases.Login_Test" time="2.257"/>
  <testcase name="T01_invalidLoginAttempts" classname="TestCases.Login_Test" time="2.316"/>
  <testcase name="T01_invalidLoginAttempts" classname="TestCases.Login_Test" time="2.353"/>
  <testcase name="T01_successfulLogin" classname="TestCases.Login_Test" time="1.409">
    <failure message="The following asserts failed:&#10;	expected [Products] but found [Products_123123]" type="java.lang.AssertionError"><![CDATA[java.lang.AssertionError: 
The following asserts failed:
	expected [Products] but found [Products_123123]
	at TestCases.Login_Test.T01_successfulLogin(Login_Test.java:67)
]]></failure>
    <system-out><![CDATA[~~~ Case: valid credentials, successful login completed ~~~
]]></system-out>
  </testcase>
  <testcase name="T01_validLogin" classname="TestCases.Products_Test" time="0.793"/>
  <testcase name="T02_getPageTitle" classname="TestCases.Products_Test" time="0.041"/>
  <testcase name="T03_addItemsToCart_1" classname="TestCases.Products_Test" time="2.475"/>
  <testcase name="T03_addItemsToCart_2" classname="TestCases.Products_Test" time="2.39"/>
  <testcase name="T03_addItemsToCart_3" classname="TestCases.Products_Test" time="2.533"/>
  <testcase name="T03_addItemsToCart_4" classname="TestCases.Products_Test" time="2.41"/>
  <testcase name="T03_addItemsToCart_5" classname="TestCases.Products_Test" time="2.337"/>
  <testcase name="T03_addItemsToCart_6" classname="TestCases.Products_Test" time="0.848">
    <failure message="expected [6] but found [7]" type="java.lang.AssertionError"><![CDATA[java.lang.AssertionError: expected [6] but found [7]
	at TestCases.Products_Test.T03_addItemsToCart_6(Products_Test.java:152)
]]></failure>
    <system-out><![CDATA[https://www.saucedemo.com/inventory-item.html?id=5
Did we add item Sauce Labs Fleece Jacket to the cart? true
]]></system-out>
  </testcase>
  <testcase name="T01_validLogin" classname="TestCases.Cart_Test" time="0.679"/>
  <testcase name="T02_selectSingleItem" classname="TestCases.Cart_Test" time="0.342"/>
  <testcase name="T03_continueToCheckout" classname="TestCases.Cart_Test" time="0.985"/>
  <testcase name="T01_validLogin" classname="TestCases.Checkout_Test" time="0.665"/>
  <testcase name="T02_selectSingleItem" classname="TestCases.Checkout_Test" time="0.628">
    <failure message="The following asserts failed:&#10;	expected [1] but found [3]" type="java.lang.AssertionError"><![CDATA[java.lang.AssertionError: 
The following asserts failed:
	expected [1] but found [3]
	at TestCases.Checkout_Test.T02_selectSingleItem(Checkout_Test.java:67)
]]></failure>
    <system-out><![CDATA[~~~ Scenario: complete flow of an item's purchase ~~~
https://www.saucedemo.com/inventory.html
]]></system-out>
  </testcase>
  <testcase name="T03_continueToCheckout" classname="TestCases.Checkout_Test" time="3.446">
    <failure message="The following asserts failed:&#10;	expected [1] but found [3],&#10;	expected [15.99] but found [15.99_123]" type="java.lang.AssertionError"><![CDATA[java.lang.AssertionError: 
The following asserts failed:
	expected [1] but found [3],
	expected [15.99] but found [15.99_123]
	at TestCases.Checkout_Test.T03_continueToCheckout(Checkout_Test.java:80)
]]></failure>
    <system-out><![CDATA[https://www.saucedemo.com/cart.html
~~~ End of Scenario: Item purchase flow completed successfully ~~~
]]></system-out>
  </testcase>
  <testcase name="T04_checkout_StepOne" classname="TestCases.Checkout_Test" time="6.798"/>
  <testcase name="T05_checkout_StepTwo" classname="TestCases.Checkout_Test" time="0.263"/>
</testsuite>